# JRE version: OpenJDK Runtime Environment (21.0.4) (build 21.0.4+-12508038-b607.1)
# Java VM: OpenJDK 64-Bit Server VM (21.0.4+-12508038-b607.1, mixed mode, tiered, compressed oops, compressed class ptrs, g1 gc, windows-amd64)
GC Precious Log:
 CardTable entry size: 512
 Card Set container configuration: InlinePtr #cards 5 size 8 Array Of Cards #cards 12 size 40 Howl #buckets 4 coarsen threshold 1843 Howl Bitmap #cards 512 size 80 coarsen threshold 460 Card regions per heap region 1 cards per card region 2048
 CPUs: 8 total, 8 available
 Memory: 16263M
 Large Page Support: Disabled
 NUMA Support: Disabled
 Compressed Oops: Enabled (32-bit)
 Heap Region Size: 1M
 Heap Min Capacity: 8M
 Heap Initial Capacity: 256M
 Heap Max Capacity: 2G
 Pre-touch: Disabled
 Parallel Workers: 8
 Concurrent Workers: 2
 Concurrent Refinement Workers: 8
 Periodic GC: Disabled
Heap:
 garbage-first heap   total 420864K, used 315904K [0x0000000080000000, 0x0000000100000000)
  region size 1024K, 88 young (90112K), 21 survivors (21504K)
 Metaspace       used 158368K, committed 159744K, reserved 1245184K
  class space    used 20530K, committed 21248K, reserved 1048576K
GC Heap History (20 events):
Event: 3813.477 GC heap before
{Heap before GC invocations=84 (full 0):
 garbage-first heap   total 325632K, used 316486K [0x0000000080000000, 0x0000000100000000)
  region size 1024K, 147 young (150528K), 12 survivors (12288K)
 Metaspace       used 145662K, committed 147712K, reserved 1179648K
  class space    used 19078K, committed 20544K, reserved 1048576K
}
Event: 3813.501 GC heap after
{Heap after GC invocations=85 (full 0):
 garbage-first heap   total 325632K, used 122963K [0x0000000080000000, 0x0000000100000000)
  region size 1024K, 4 young (4096K), 4 survivors (4096K)
 Metaspace       used 145662K, committed 147712K, reserved 1179648K
  class space    used 19078K, committed 20544K, reserved 1048576K
}
Event: 4148.144 GC heap before
{Heap before GC invocations=85 (full 0):
 garbage-first heap   total 325632K, used 297043K [0x0000000080000000, 0x0000000100000000)
  region size 1024K, 175 young (179200K), 4 survivors (4096K)
 Metaspace       used 150992K, committed 152320K, reserved 1245184K
  class space    used 19867K, committed 20544K, reserved 1048576K
}
Event: 4148.179 GC heap after
{Heap after GC invocations=86 (full 0):
 garbage-first heap   total 325632K, used 120085K [0x0000000080000000, 0x0000000100000000)
  region size 1024K, 8 young (8192K), 8 survivors (8192K)
 Metaspace       used 150992K, committed 152320K, reserved 1245184K
  class space    used 19867K, committed 20544K, reserved 1048576K
}
Event: 4152.446 GC heap before
{Heap before GC invocations=86 (full 0):
 garbage-first heap   total 325632K, used 225557K [0x0000000080000000, 0x0000000100000000)
  region size 1024K, 113 young (115712K), 8 survivors (8192K)
 Metaspace       used 152335K, committed 153600K, reserved 1245184K
  class space    used 20042K, committed 20672K, reserved 1048576K
}
Event: 4152.464 GC heap after
{Heap after GC invocations=87 (full 0):
 garbage-first heap   total 325632K, used 131112K [0x0000000080000000, 0x0000000100000000)
  region size 1024K, 19 young (19456K), 19 survivors (19456K)
 Metaspace       used 152335K, committed 153600K, reserved 1245184K
  class space    used 20042K, committed 20672K, reserved 1048576K
}
Event: 4288.139 GC heap before
{Heap before GC invocations=88 (full 0):
 garbage-first heap   total 325632K, used 323624K [0x0000000080000000, 0x0000000100000000)
  region size 1024K, 159 young (162816K), 19 survivors (19456K)
 Metaspace       used 153050K, committed 154304K, reserved 1245184K
  class space    used 20098K, committed 20736K, reserved 1048576K
}
Event: 4288.160 GC heap after
{Heap after GC invocations=89 (full 0):
 garbage-first heap   total 339968K, used 127123K [0x0000000080000000, 0x0000000100000000)
  region size 1024K, 10 young (10240K), 10 survivors (10240K)
 Metaspace       used 153050K, committed 154304K, reserved 1245184K
  class space    used 20098K, committed 20736K, reserved 1048576K
}
Event: 4366.273 GC heap before
{Heap before GC invocations=89 (full 0):
 garbage-first heap   total 339968K, used 338067K [0x0000000080000000, 0x0000000100000000)
  region size 1024K, 173 young (177152K), 10 survivors (10240K)
 Metaspace       used 153336K, committed 154624K, reserved 1245184K
  class space    used 20105K, committed 20736K, reserved 1048576K
}
Event: 4366.285 GC heap after
{Heap after GC invocations=90 (full 0):
 garbage-first heap   total 347136K, used 109358K [0x0000000080000000, 0x0000000100000000)
  region size 1024K, 4 young (4096K), 4 survivors (4096K)
 Metaspace       used 153336K, committed 154624K, reserved 1245184K
  class space    used 20105K, committed 20736K, reserved 1048576K
}
Event: 4368.604 GC heap before
{Heap before GC invocations=90 (full 0):
 garbage-first heap   total 347136K, used 213806K [0x0000000080000000, 0x0000000100000000)
  region size 1024K, 108 young (110592K), 4 survivors (4096K)
 Metaspace       used 154028K, committed 155328K, reserved 1245184K
  class space    used 20160K, committed 20800K, reserved 1048576K
}
Event: 4368.623 GC heap after
{Heap after GC invocations=91 (full 0):
 garbage-first heap   total 347136K, used 127533K [0x0000000080000000, 0x0000000100000000)
  region size 1024K, 21 young (21504K), 21 survivors (21504K)
 Metaspace       used 154028K, committed 155328K, reserved 1245184K
  class space    used 20160K, committed 20800K, reserved 1048576K
}
Event: 4371.731 GC heap before
{Heap before GC invocations=92 (full 0):
 garbage-first heap   total 347136K, used 345645K [0x0000000080000000, 0x0000000100000000)
  region size 1024K, 194 young (198656K), 21 survivors (21504K)
 Metaspace       used 156441K, committed 157696K, reserved 1245184K
  class space    used 20351K, committed 20992K, reserved 1048576K
}
Event: 4371.752 GC heap after
{Heap after GC invocations=93 (full 0):
 garbage-first heap   total 365568K, used 124416K [0x0000000080000000, 0x0000000100000000)
  region size 1024K, 10 young (10240K), 10 survivors (10240K)
 Metaspace       used 156441K, committed 157696K, reserved 1245184K
  class space    used 20351K, committed 20992K, reserved 1048576K
}
Event: 4373.838 GC heap before
{Heap before GC invocations=93 (full 0):
 garbage-first heap   total 365568K, used 364032K [0x0000000080000000, 0x0000000100000000)
  region size 1024K, 170 young (174080K), 10 survivors (10240K)
 Metaspace       used 158442K, committed 159808K, reserved 1245184K
  class space    used 20549K, committed 21248K, reserved 1048576K
}
Event: 4373.861 GC heap after
{Heap after GC invocations=94 (full 0):
 garbage-first heap   total 388096K, used 169165K [0x0000000080000000, 0x0000000100000000)
  region size 1024K, 16 young (16384K), 16 survivors (16384K)
 Metaspace       used 158442K, committed 159808K, reserved 1245184K
  class space    used 20549K, committed 21248K, reserved 1048576K
}
Event: 4374.036 GC heap before
{Heap before GC invocations=94 (full 0):
 garbage-first heap   total 388096K, used 203981K [0x0000000080000000, 0x0000000100000000)
  region size 1024K, 52 young (53248K), 16 survivors (16384K)
 Metaspace       used 158443K, committed 159808K, reserved 1245184K
  class space    used 20549K, committed 21248K, reserved 1048576K
}
Event: 4374.058 GC heap after
{Heap after GC invocations=95 (full 0):
 garbage-first heap   total 388096K, used 181360K [0x0000000080000000, 0x0000000100000000)
  region size 1024K, 14 young (14336K), 14 survivors (14336K)
 Metaspace       used 158443K, committed 159808K, reserved 1245184K
  class space    used 20549K, committed 21248K, reserved 1048576K
}
Event: 4374.947 GC heap before
{Heap before GC invocations=96 (full 0):
 garbage-first heap   total 388096K, used 343152K [0x0000000080000000, 0x0000000100000000)
  region size 1024K, 167 young (171008K), 14 survivors (14336K)
 Metaspace       used 158357K, committed 159744K, reserved 1245184K
  class space    used 20530K, committed 21248K, reserved 1048576K
}
Event: 4375.045 GC heap after
{Heap after GC invocations=97 (full 0):
 garbage-first heap   total 420864K, used 249344K [0x0000000080000000, 0x0000000100000000)
  region size 1024K, 21 young (21504K), 21 survivors (21504K)
 Metaspace       used 158357K, committed 159744K, reserved 1245184K
  class space    used 20530K, committed 21248K, reserved 1048576K
}

